<?xml version="1.0" encoding="UTF-8"?>
<testsuite xmlns:xsi="http://www.w3.org/2001/XMLSchema-instance" xsi:noNamespaceSchemaLocation="https://maven.apache.org/surefire/maven-surefire-plugin/xsd/surefire-test-report.xsd" name="com.maple.game.osee.controller.fishing.FishingFishingUtilTest" time="11.517" tests="1" errors="0" skipped="0" failures="0">
  <properties>
    <property name="sun.desktop" value="windows"/>
    <property name="awt.toolkit" value="sun.awt.windows.WToolkit"/>
    <property name="file.encoding.pkg" value="sun.io"/>
    <property name="java.specification.version" value="1.8"/>
    <property name="sun.cpu.isalist" value="amd64"/>
    <property name="sun.jnu.encoding" value="GBK"/>
    <property name="java.class.path" value="G:\java\天天摸鱼后台\Server\target\test-classes;G:\java\天天摸鱼后台\Server\target\classes;E:\MavenRepo\com\google\zxing\core\3.3.3\core-3.3.3.jar;E:\MavenRepo\org\springframework\boot\spring-boot-devtools\2.0.5.RELEASE\spring-boot-devtools-2.0.5.RELEASE.jar;E:\MavenRepo\org\springframework\boot\spring-boot\2.0.5.RELEASE\spring-boot-2.0.5.RELEASE.jar;E:\MavenRepo\org\springframework\spring-context\5.0.9.RELEASE\spring-context-5.0.9.RELEASE.jar;E:\MavenRepo\org\springframework\spring-aop\5.0.9.RELEASE\spring-aop-5.0.9.RELEASE.jar;E:\MavenRepo\org\springframework\spring-beans\5.0.9.RELEASE\spring-beans-5.0.9.RELEASE.jar;E:\MavenRepo\org\springframework\spring-expression\5.0.9.RELEASE\spring-expression-5.0.9.RELEASE.jar;E:\MavenRepo\org\springframework\boot\spring-boot-autoconfigure\2.0.5.RELEASE\spring-boot-autoconfigure-2.0.5.RELEASE.jar;E:\MavenRepo\org\projectlombok\lombok\1.16.22\lombok-1.16.22.jar;E:\MavenRepo\com\maple\gamebase\1.0.0\gamebase-1.0.0.jar;E:\MavenRepo\com\maple\login\1.0.0\login-1.0.0.jar;E:\MavenRepo\com\maple\apprun\1.0.0\apprun-1.0.0.jar;E:\MavenRepo\com\maple\lobby\1.0.0\lobby-1.0.0.jar;E:\MavenRepo\com\maple\engine\1.0.0\engine-1.0.0.jar;E:\MavenRepo\dom4j\dom4j\1.6.1\dom4j-1.6.1.jar;E:\MavenRepo\xml-apis\xml-apis\1.4.01\xml-apis-1.4.01.jar;E:\MavenRepo\org\apache\commons\commons-csv\1.6\commons-csv-1.6.jar;E:\MavenRepo\com\aliyun\aliyun-java-sdk-core\4.3.2\aliyun-java-sdk-core-4.3.2.jar;E:\MavenRepo\org\apache\httpcomponents\httpclient\4.5.6\httpclient-4.5.6.jar;E:\MavenRepo\org\apache\httpcomponents\httpcore\4.4.10\httpcore-4.4.10.jar;E:\MavenRepo\commons-codec\commons-codec\1.11\commons-codec-1.11.jar;E:\MavenRepo\javax\xml\bind\jaxb-api\2.3.0\jaxb-api-2.3.0.jar;E:\MavenRepo\com\sun\xml\bind\jaxb-core\2.3.0.1\jaxb-core-2.3.0.1.jar;E:\MavenRepo\com\sun\xml\bind\jaxb-impl\2.3.2\jaxb-impl-2.3.2.jar;E:\MavenRepo\javax\activation\activation\1.1.1\activation-1.1.1.jar;E:\MavenRepo\com\aliyun\aliyun-java-sdk-ecs\4.16.0\aliyun-java-sdk-ecs-4.16.0.jar;E:\MavenRepo\com\maple\database\1.0.0\database-1.0.0.jar;E:\MavenRepo\org\springframework\boot\spring-boot-starter-data-redis\2.0.5.RELEASE\spring-boot-starter-data-redis-2.0.5.RELEASE.jar;E:\MavenRepo\org\springframework\data\spring-data-redis\2.0.10.RELEASE\spring-data-redis-2.0.10.RELEASE.jar;E:\MavenRepo\org\springframework\data\spring-data-keyvalue\2.0.10.RELEASE\spring-data-keyvalue-2.0.10.RELEASE.jar;E:\MavenRepo\org\springframework\data\spring-data-commons\2.0.10.RELEASE\spring-data-commons-2.0.10.RELEASE.jar;E:\MavenRepo\org\springframework\spring-tx\5.0.9.RELEASE\spring-tx-5.0.9.RELEASE.jar;E:\MavenRepo\org\springframework\spring-oxm\5.0.9.RELEASE\spring-oxm-5.0.9.RELEASE.jar;E:\MavenRepo\org\springframework\spring-context-support\5.0.9.RELEASE\spring-context-support-5.0.9.RELEASE.jar;E:\MavenRepo\io\lettuce\lettuce-core\5.0.5.RELEASE\lettuce-core-5.0.5.RELEASE.jar;E:\MavenRepo\io\projectreactor\reactor-core\3.1.9.RELEASE\reactor-core-3.1.9.RELEASE.jar;E:\MavenRepo\org\reactivestreams\reactive-streams\1.0.2\reactive-streams-1.0.2.jar;E:\MavenRepo\io\netty\netty-common\4.1.29.Final\netty-common-4.1.29.Final.jar;E:\MavenRepo\io\netty\netty-transport\4.1.29.Final\netty-transport-4.1.29.Final.jar;E:\MavenRepo\io\netty\netty-buffer\4.1.29.Final\netty-buffer-4.1.29.Final.jar;E:\MavenRepo\io\netty\netty-resolver\4.1.29.Final\netty-resolver-4.1.29.Final.jar;E:\MavenRepo\io\netty\netty-handler\4.1.29.Final\netty-handler-4.1.29.Final.jar;E:\MavenRepo\io\netty\netty-codec\4.1.29.Final\netty-codec-4.1.29.Final.jar;E:\MavenRepo\org\mybatis\spring\boot\mybatis-spring-boot-starter\1.3.2\mybatis-spring-boot-starter-1.3.2.jar;E:\MavenRepo\org\springframework\boot\spring-boot-starter-jdbc\2.0.5.RELEASE\spring-boot-starter-jdbc-2.0.5.RELEASE.jar;E:\MavenRepo\com\zaxxer\HikariCP\2.7.9\HikariCP-2.7.9.jar;E:\MavenRepo\org\springframework\spring-jdbc\5.0.9.RELEASE\spring-jdbc-5.0.9.RELEASE.jar;E:\MavenRepo\org\mybatis\spring\boot\mybatis-spring-boot-autoconfigure\1.3.2\mybatis-spring-boot-autoconfigure-1.3.2.jar;E:\MavenRepo\org\mybatis\mybatis\3.4.6\mybatis-3.4.6.jar;E:\MavenRepo\org\mybatis\mybatis-spring\1.3.2\mybatis-spring-1.3.2.jar;E:\MavenRepo\mysql\mysql-connector-java\5.1.47\mysql-connector-java-5.1.47.jar;E:\MavenRepo\com\maple\network\1.0.0\network-1.0.0.jar;E:\MavenRepo\io\netty\netty-all\4.1.29.Final\netty-all-4.1.29.Final.jar;E:\MavenRepo\org\springframework\boot\spring-boot-starter\2.0.5.RELEASE\spring-boot-starter-2.0.5.RELEASE.jar;E:\MavenRepo\org\springframework\boot\spring-boot-starter-logging\2.0.5.RELEASE\spring-boot-starter-logging-2.0.5.RELEASE.jar;E:\MavenRepo\ch\qos\logback\logback-classic\1.2.3\logback-classic-1.2.3.jar;E:\MavenRepo\ch\qos\logback\logback-core\1.2.3\logback-core-1.2.3.jar;E:\MavenRepo\org\apache\logging\log4j\log4j-to-slf4j\2.10.0\log4j-to-slf4j-2.10.0.jar;E:\MavenRepo\org\apache\logging\log4j\log4j-api\2.10.0\log4j-api-2.10.0.jar;E:\MavenRepo\org\slf4j\jul-to-slf4j\1.7.25\jul-to-slf4j-1.7.25.jar;E:\MavenRepo\javax\annotation\javax.annotation-api\1.3.2\javax.annotation-api-1.3.2.jar;E:\MavenRepo\org\springframework\spring-core\5.0.9.RELEASE\spring-core-5.0.9.RELEASE.jar;E:\MavenRepo\org\springframework\spring-jcl\5.0.9.RELEASE\spring-jcl-5.0.9.RELEASE.jar;E:\MavenRepo\org\yaml\snakeyaml\1.19\snakeyaml-1.19.jar;E:\MavenRepo\org\springframework\boot\spring-boot-starter-test\2.0.5.RELEASE\spring-boot-starter-test-2.0.5.RELEASE.jar;E:\MavenRepo\org\springframework\boot\spring-boot-test\2.0.5.RELEASE\spring-boot-test-2.0.5.RELEASE.jar;E:\MavenRepo\org\springframework\boot\spring-boot-test-autoconfigure\2.0.5.RELEASE\spring-boot-test-autoconfigure-2.0.5.RELEASE.jar;E:\MavenRepo\com\jayway\jsonpath\json-path\2.4.0\json-path-2.4.0.jar;E:\MavenRepo\net\minidev\json-smart\2.3\json-smart-2.3.jar;E:\MavenRepo\net\minidev\accessors-smart\1.2\accessors-smart-1.2.jar;E:\MavenRepo\org\ow2\asm\asm\5.0.4\asm-5.0.4.jar;E:\MavenRepo\org\slf4j\slf4j-api\1.7.25\slf4j-api-1.7.25.jar;E:\MavenRepo\junit\junit\4.12\junit-4.12.jar;E:\MavenRepo\org\assertj\assertj-core\3.9.1\assertj-core-3.9.1.jar;E:\MavenRepo\org\mockito\mockito-core\2.15.0\mockito-core-2.15.0.jar;E:\MavenRepo\net\bytebuddy\byte-buddy\1.7.11\byte-buddy-1.7.11.jar;E:\MavenRepo\net\bytebuddy\byte-buddy-agent\1.7.11\byte-buddy-agent-1.7.11.jar;E:\MavenRepo\org\objenesis\objenesis\2.6\objenesis-2.6.jar;E:\MavenRepo\org\hamcrest\hamcrest-core\1.3\hamcrest-core-1.3.jar;E:\MavenRepo\org\hamcrest\hamcrest-library\1.3\hamcrest-library-1.3.jar;E:\MavenRepo\org\skyscreamer\jsonassert\1.5.0\jsonassert-1.5.0.jar;E:\MavenRepo\com\vaadin\external\google\android-json\0.0.20131108.vaadin1\android-json-0.0.20131108.vaadin1.jar;E:\MavenRepo\org\springframework\spring-test\5.0.9.RELEASE\spring-test-5.0.9.RELEASE.jar;E:\MavenRepo\org\xmlunit\xmlunit-core\2.5.1\xmlunit-core-2.5.1.jar;E:\MavenRepo\org\springframework\boot\spring-boot-configuration-processor\2.0.5.RELEASE\spring-boot-configuration-processor-2.0.5.RELEASE.jar;E:\MavenRepo\com\google\protobuf\protobuf-java\2.6.1\protobuf-java-2.6.1.jar;E:\MavenRepo\com\googlecode\protobuf-java-format\protobuf-java-format\1.2\protobuf-java-format-1.2.jar;E:\MavenRepo\com\google\code\gson\gson\2.8.5\gson-2.8.5.jar;E:\MavenRepo\com\alibaba\fastjson\1.2.54\fastjson-1.2.54.jar;E:\MavenRepo\com\squareup\okhttp3\okhttp\3.12.0\okhttp-3.12.0.jar;E:\MavenRepo\com\squareup\okio\okio\1.15.0\okio-1.15.0.jar;"/>
    <property name="java.vm.vendor" value="Oracle Corporation"/>
    <property name="sun.arch.data.model" value="64"/>
    <property name="user.variant" value=""/>
    <property name="java.vendor.url" value="http://java.oracle.com/"/>
    <property name="user.timezone" value=""/>
    <property name="java.vm.specification.version" value="1.8"/>
    <property name="os.name" value="Windows 10"/>
    <property name="user.country" value="CN"/>
    <property name="sun.java.launcher" value="SUN_STANDARD"/>
    <property name="sun.boot.library.path" value="D:\Java\jdk8\jre\bin"/>
    <property name="sun.java.command" value="C:\Users\24283\AppData\Local\Temp\surefire214142861595914160\surefirebooter4851681341571137312.jar C:\Users\24283\AppData\Local\Temp\surefire214142861595914160 2019-12-11T20-01-55_832-jvmRun1 surefire979588232020096559tmp surefire_07698461213358947354tmp"/>
    <property name="surefire.test.class.path" value="G:\java\天天摸鱼后台\Server\target\test-classes;G:\java\天天摸鱼后台\Server\target\classes;E:\MavenRepo\com\google\zxing\core\3.3.3\core-3.3.3.jar;E:\MavenRepo\org\springframework\boot\spring-boot-devtools\2.0.5.RELEASE\spring-boot-devtools-2.0.5.RELEASE.jar;E:\MavenRepo\org\springframework\boot\spring-boot\2.0.5.RELEASE\spring-boot-2.0.5.RELEASE.jar;E:\MavenRepo\org\springframework\spring-context\5.0.9.RELEASE\spring-context-5.0.9.RELEASE.jar;E:\MavenRepo\org\springframework\spring-aop\5.0.9.RELEASE\spring-aop-5.0.9.RELEASE.jar;E:\MavenRepo\org\springframework\spring-beans\5.0.9.RELEASE\spring-beans-5.0.9.RELEASE.jar;E:\MavenRepo\org\springframework\spring-expression\5.0.9.RELEASE\spring-expression-5.0.9.RELEASE.jar;E:\MavenRepo\org\springframework\boot\spring-boot-autoconfigure\2.0.5.RELEASE\spring-boot-autoconfigure-2.0.5.RELEASE.jar;E:\MavenRepo\org\projectlombok\lombok\1.16.22\lombok-1.16.22.jar;E:\MavenRepo\com\maple\gamebase\1.0.0\gamebase-1.0.0.jar;E:\MavenRepo\com\maple\login\1.0.0\login-1.0.0.jar;E:\MavenRepo\com\maple\apprun\1.0.0\apprun-1.0.0.jar;E:\MavenRepo\com\maple\lobby\1.0.0\lobby-1.0.0.jar;E:\MavenRepo\com\maple\engine\1.0.0\engine-1.0.0.jar;E:\MavenRepo\dom4j\dom4j\1.6.1\dom4j-1.6.1.jar;E:\MavenRepo\xml-apis\xml-apis\1.4.01\xml-apis-1.4.01.jar;E:\MavenRepo\org\apache\commons\commons-csv\1.6\commons-csv-1.6.jar;E:\MavenRepo\com\aliyun\aliyun-java-sdk-core\4.3.2\aliyun-java-sdk-core-4.3.2.jar;E:\MavenRepo\org\apache\httpcomponents\httpclient\4.5.6\httpclient-4.5.6.jar;E:\MavenRepo\org\apache\httpcomponents\httpcore\4.4.10\httpcore-4.4.10.jar;E:\MavenRepo\commons-codec\commons-codec\1.11\commons-codec-1.11.jar;E:\MavenRepo\javax\xml\bind\jaxb-api\2.3.0\jaxb-api-2.3.0.jar;E:\MavenRepo\com\sun\xml\bind\jaxb-core\2.3.0.1\jaxb-core-2.3.0.1.jar;E:\MavenRepo\com\sun\xml\bind\jaxb-impl\2.3.2\jaxb-impl-2.3.2.jar;E:\MavenRepo\javax\activation\activation\1.1.1\activation-1.1.1.jar;E:\MavenRepo\com\aliyun\aliyun-java-sdk-ecs\4.16.0\aliyun-java-sdk-ecs-4.16.0.jar;E:\MavenRepo\com\maple\database\1.0.0\database-1.0.0.jar;E:\MavenRepo\org\springframework\boot\spring-boot-starter-data-redis\2.0.5.RELEASE\spring-boot-starter-data-redis-2.0.5.RELEASE.jar;E:\MavenRepo\org\springframework\data\spring-data-redis\2.0.10.RELEASE\spring-data-redis-2.0.10.RELEASE.jar;E:\MavenRepo\org\springframework\data\spring-data-keyvalue\2.0.10.RELEASE\spring-data-keyvalue-2.0.10.RELEASE.jar;E:\MavenRepo\org\springframework\data\spring-data-commons\2.0.10.RELEASE\spring-data-commons-2.0.10.RELEASE.jar;E:\MavenRepo\org\springframework\spring-tx\5.0.9.RELEASE\spring-tx-5.0.9.RELEASE.jar;E:\MavenRepo\org\springframework\spring-oxm\5.0.9.RELEASE\spring-oxm-5.0.9.RELEASE.jar;E:\MavenRepo\org\springframework\spring-context-support\5.0.9.RELEASE\spring-context-support-5.0.9.RELEASE.jar;E:\MavenRepo\io\lettuce\lettuce-core\5.0.5.RELEASE\lettuce-core-5.0.5.RELEASE.jar;E:\MavenRepo\io\projectreactor\reactor-core\3.1.9.RELEASE\reactor-core-3.1.9.RELEASE.jar;E:\MavenRepo\org\reactivestreams\reactive-streams\1.0.2\reactive-streams-1.0.2.jar;E:\MavenRepo\io\netty\netty-common\4.1.29.Final\netty-common-4.1.29.Final.jar;E:\MavenRepo\io\netty\netty-transport\4.1.29.Final\netty-transport-4.1.29.Final.jar;E:\MavenRepo\io\netty\netty-buffer\4.1.29.Final\netty-buffer-4.1.29.Final.jar;E:\MavenRepo\io\netty\netty-resolver\4.1.29.Final\netty-resolver-4.1.29.Final.jar;E:\MavenRepo\io\netty\netty-handler\4.1.29.Final\netty-handler-4.1.29.Final.jar;E:\MavenRepo\io\netty\netty-codec\4.1.29.Final\netty-codec-4.1.29.Final.jar;E:\MavenRepo\org\mybatis\spring\boot\mybatis-spring-boot-starter\1.3.2\mybatis-spring-boot-starter-1.3.2.jar;E:\MavenRepo\org\springframework\boot\spring-boot-starter-jdbc\2.0.5.RELEASE\spring-boot-starter-jdbc-2.0.5.RELEASE.jar;E:\MavenRepo\com\zaxxer\HikariCP\2.7.9\HikariCP-2.7.9.jar;E:\MavenRepo\org\springframework\spring-jdbc\5.0.9.RELEASE\spring-jdbc-5.0.9.RELEASE.jar;E:\MavenRepo\org\mybatis\spring\boot\mybatis-spring-boot-autoconfigure\1.3.2\mybatis-spring-boot-autoconfigure-1.3.2.jar;E:\MavenRepo\org\mybatis\mybatis\3.4.6\mybatis-3.4.6.jar;E:\MavenRepo\org\mybatis\mybatis-spring\1.3.2\mybatis-spring-1.3.2.jar;E:\MavenRepo\mysql\mysql-connector-java\5.1.47\mysql-connector-java-5.1.47.jar;E:\MavenRepo\com\maple\network\1.0.0\network-1.0.0.jar;E:\MavenRepo\io\netty\netty-all\4.1.29.Final\netty-all-4.1.29.Final.jar;E:\MavenRepo\org\springframework\boot\spring-boot-starter\2.0.5.RELEASE\spring-boot-starter-2.0.5.RELEASE.jar;E:\MavenRepo\org\springframework\boot\spring-boot-starter-logging\2.0.5.RELEASE\spring-boot-starter-logging-2.0.5.RELEASE.jar;E:\MavenRepo\ch\qos\logback\logback-classic\1.2.3\logback-classic-1.2.3.jar;E:\MavenRepo\ch\qos\logback\logback-core\1.2.3\logback-core-1.2.3.jar;E:\MavenRepo\org\apache\logging\log4j\log4j-to-slf4j\2.10.0\log4j-to-slf4j-2.10.0.jar;E:\MavenRepo\org\apache\logging\log4j\log4j-api\2.10.0\log4j-api-2.10.0.jar;E:\MavenRepo\org\slf4j\jul-to-slf4j\1.7.25\jul-to-slf4j-1.7.25.jar;E:\MavenRepo\javax\annotation\javax.annotation-api\1.3.2\javax.annotation-api-1.3.2.jar;E:\MavenRepo\org\springframework\spring-core\5.0.9.RELEASE\spring-core-5.0.9.RELEASE.jar;E:\MavenRepo\org\springframework\spring-jcl\5.0.9.RELEASE\spring-jcl-5.0.9.RELEASE.jar;E:\MavenRepo\org\yaml\snakeyaml\1.19\snakeyaml-1.19.jar;E:\MavenRepo\org\springframework\boot\spring-boot-starter-test\2.0.5.RELEASE\spring-boot-starter-test-2.0.5.RELEASE.jar;E:\MavenRepo\org\springframework\boot\spring-boot-test\2.0.5.RELEASE\spring-boot-test-2.0.5.RELEASE.jar;E:\MavenRepo\org\springframework\boot\spring-boot-test-autoconfigure\2.0.5.RELEASE\spring-boot-test-autoconfigure-2.0.5.RELEASE.jar;E:\MavenRepo\com\jayway\jsonpath\json-path\2.4.0\json-path-2.4.0.jar;E:\MavenRepo\net\minidev\json-smart\2.3\json-smart-2.3.jar;E:\MavenRepo\net\minidev\accessors-smart\1.2\accessors-smart-1.2.jar;E:\MavenRepo\org\ow2\asm\asm\5.0.4\asm-5.0.4.jar;E:\MavenRepo\org\slf4j\slf4j-api\1.7.25\slf4j-api-1.7.25.jar;E:\MavenRepo\junit\junit\4.12\junit-4.12.jar;E:\MavenRepo\org\assertj\assertj-core\3.9.1\assertj-core-3.9.1.jar;E:\MavenRepo\org\mockito\mockito-core\2.15.0\mockito-core-2.15.0.jar;E:\MavenRepo\net\bytebuddy\byte-buddy\1.7.11\byte-buddy-1.7.11.jar;E:\MavenRepo\net\bytebuddy\byte-buddy-agent\1.7.11\byte-buddy-agent-1.7.11.jar;E:\MavenRepo\org\objenesis\objenesis\2.6\objenesis-2.6.jar;E:\MavenRepo\org\hamcrest\hamcrest-core\1.3\hamcrest-core-1.3.jar;E:\MavenRepo\org\hamcrest\hamcrest-library\1.3\hamcrest-library-1.3.jar;E:\MavenRepo\org\skyscreamer\jsonassert\1.5.0\jsonassert-1.5.0.jar;E:\MavenRepo\com\vaadin\external\google\android-json\0.0.20131108.vaadin1\android-json-0.0.20131108.vaadin1.jar;E:\MavenRepo\org\springframework\spring-test\5.0.9.RELEASE\spring-test-5.0.9.RELEASE.jar;E:\MavenRepo\org\xmlunit\xmlunit-core\2.5.1\xmlunit-core-2.5.1.jar;E:\MavenRepo\org\springframework\boot\spring-boot-configuration-processor\2.0.5.RELEASE\spring-boot-configuration-processor-2.0.5.RELEASE.jar;E:\MavenRepo\com\google\protobuf\protobuf-java\2.6.1\protobuf-java-2.6.1.jar;E:\MavenRepo\com\googlecode\protobuf-java-format\protobuf-java-format\1.2\protobuf-java-format-1.2.jar;E:\MavenRepo\com\google\code\gson\gson\2.8.5\gson-2.8.5.jar;E:\MavenRepo\com\alibaba\fastjson\1.2.54\fastjson-1.2.54.jar;E:\MavenRepo\com\squareup\okhttp3\okhttp\3.12.0\okhttp-3.12.0.jar;E:\MavenRepo\com\squareup\okio\okio\1.15.0\okio-1.15.0.jar;"/>
    <property name="sun.cpu.endian" value="little"/>
    <property name="user.home" value="C:\Users\24283"/>
    <property name="user.language" value="zh"/>
    <property name="java.specification.vendor" value="Oracle Corporation"/>
    <property name="java.home" value="D:\Java\jdk8\jre"/>
    <property name="basedir" value="G:\java\天天摸鱼后台\Server"/>
    <property name="file.separator" value="\"/>
    <property name="line.separator" value="&#10;"/>
    <property name="java.vm.specification.vendor" value="Oracle Corporation"/>
    <property name="java.specification.name" value="Java Platform API Specification"/>
    <property name="java.awt.graphicsenv" value="sun.awt.Win32GraphicsEnvironment"/>
    <property name="surefire.real.class.path" value="C:\Users\24283\AppData\Local\Temp\surefire214142861595914160\surefirebooter4851681341571137312.jar"/>
    <property name="sun.boot.class.path" value="D:\Java\jdk8\jre\lib\resources.jar;D:\Java\jdk8\jre\lib\rt.jar;D:\Java\jdk8\jre\lib\sunrsasign.jar;D:\Java\jdk8\jre\lib\jsse.jar;D:\Java\jdk8\jre\lib\jce.jar;D:\Java\jdk8\jre\lib\charsets.jar;D:\Java\jdk8\jre\lib\jfr.jar;D:\Java\jdk8\jre\classes"/>
    <property name="user.script" value=""/>
    <property name="sun.management.compiler" value="HotSpot 64-Bit Tiered Compilers"/>
    <property name="java.runtime.version" value="1.8.0_202-b08"/>
    <property name="user.name" value="Junlong"/>
    <property name="path.separator" value=";"/>
    <property name="os.version" value="10.0"/>
    <property name="java.endorsed.dirs" value="D:\Java\jdk8\jre\lib\endorsed"/>
    <property name="java.runtime.name" value="Java(TM) SE Runtime Environment"/>
    <property name="file.encoding" value="GBK"/>
    <property name="java.vm.name" value="Java HotSpot(TM) 64-Bit Server VM"/>
    <property name="localRepository" value="E:\MavenRepo"/>
    <property name="java.vendor.url.bug" value="http://bugreport.sun.com/bugreport/"/>
    <property name="java.io.tmpdir" value="C:\Users\24283\AppData\Local\Temp\"/>
    <property name="java.version" value="1.8.0_202"/>
    <property name="user.dir" value="G:\java\天天摸鱼后台\Server"/>
    <property name="os.arch" value="amd64"/>
    <property name="java.vm.specification.name" value="Java Virtual Machine Specification"/>
    <property name="java.awt.printerjob" value="sun.awt.windows.WPrinterJob"/>
    <property name="sun.os.patch.level" value=""/>
    <property name="java.library.path" value="D:\Java\jdk8\jre\bin;C:\Windows\Sun\Java\bin;C:\Windows\system32;C:\Windows;D:\Program Files\NetSarang\Xshell 6\;D:\Program Files\NetSarang\Xftp 6\;C:\Program Files (x86)\Common Files\Oracle\Java\javapath;C:\Windows\system32;C:\Windows;C:\Windows\System32\Wbem;C:\Windows\System32\WindowsPowerShell\v1.0\;C:\Windows\System32\OpenSSH\;C:\Program Files (x86)\NVIDIA Corporation\PhysX\Common;C:\Program Files\NVIDIA Corporation\NVIDIA NvDLISR;D:\Program Files\TortoiseGit\bin;D:\Java\jdk8\bin;D:\Java\jdk8\jre\bin;D:\apache-maven-3.6.0\bin;D:\mysql-8.0.15-winx64\bin;D:\Redis-x64-3.0.504;D:\apache-ant-1.10.5\bin;D:\Program Files\Git\cmd;C:\Users\24283\Desktop\protoc-3.10.0-win64\bin;D:\nodejs\;C:\Program Files\dotnet\;C:\Go\bin;D:\Python\Python37\Scripts\;D:\Python\Python37\;D:\Python\Python38\Scripts\;D:\Python\Python38\;C:\Users\24283\AppData\Local\Microsoft\WindowsApps;C:\Users\24283\AppData\Roaming\npm;C:\Users\24283\go\bin;."/>
    <property name="java.vm.info" value="mixed mode"/>
    <property name="java.vendor" value="Oracle Corporation"/>
    <property name="java.vm.version" value="25.202-b08"/>
    <property name="java.ext.dirs" value="D:\Java\jdk8\jre\lib\ext;C:\Windows\Sun\Java\lib\ext"/>
    <property name="sun.io.unicode.encoding" value="UnicodeLittle"/>
    <property name="java.class.version" value="52.0"/>
  </properties>
  <testcase name="test" classname="com.maple.game.osee.controller.fishing.FishingFishingUtilTest" time="0.057"/>
</testsuite>